  main.cpp
  ofApp.cpp
  Info: Boost.Config is older than your compiler version - probably nothing bad will happen - but you may wish to look for an update Boost version.  Define BOOST_CONFIG_SUPPRESS_OUTDATED_MESSAGE to suppress this message.
  Info: Boost.Config is older than your compiler version - probably nothing bad will happen - but you may wish to look for an update Boost version.  Define BOOST_CONFIG_SUPPRESS_OUTDATED_MESSAGE to suppress this message.
  BaseEngine.cpp
  DefaultTheme.cpp
  EngineGLFW.cpp
  EngineOpenGLES.cpp
  EngineVk.cpp
  Gui.cpp
  ImHelpers.cpp
  ofxImGuiLoggerChannel.cpp
  Info: Boost.Config is older than your compiler version - probably nothing bad will happen - but you may wish to look for an update Boost version.  Define BOOST_CONFIG_SUPPRESS_OUTDATED_MESSAGE to suppress this message.
  Info: Boost.Config is older than your compiler version - probably nothing bad will happen - but you may wish to look for an update Boost version.  Define BOOST_CONFIG_SUPPRESS_OUTDATED_MESSAGE to suppress this message.
  Info: Boost.Config is older than your compiler version - probably nothing bad will happen - but you may wish to look for an update Boost version.  Define BOOST_CONFIG_SUPPRESS_OUTDATED_MESSAGE to suppress this message.
  Info: Boost.Config is older than your compiler version - probably nothing bad will happen - but you may wish to look for an update Boost version.  Define BOOST_CONFIG_SUPPRESS_OUTDATED_MESSAGE to suppress this message.
c:\users\xinyu\documents\of_v0.11.2_vs2017_release\addons\ofximgui\src\imhelpers.cpp(422): warning C4996: 'strcpy': This function or variable may be unsafe. Consider using strcpy_s instead. To disable deprecation, use _CRT_SECURE_NO_WARNINGS. See online help for details.
  c:\program files (x86)\windows kits\10\include\10.0.17763.0\ucrt\string.h(133): note: see declaration of 'strcpy'
  imgui.cpp
  imgui_demo.cpp
  imgui_draw.cpp
  imgui_widgets.cpp
     Creating library bin\LucyLu_A2_debug.lib and object bin\LucyLu_A2_debug.exp
  LucyLu_A2.vcxproj -> C:\Users\xinyu\Desktop\a2\LucyLu_A2\bin\LucyLu_A2_debug.exe
  
  	                   2	C:\Users\xinyu\Documents\of_v0.11.2_vs2017_release\libs\fmod\lib\vs\Win32\
  	  *EXTRA File 		 6942208	C:\Users\xinyu\Desktop\a2\LucyLu_A2\bin\FreeImage.dll
  	    Newer     		 1544704	C:\Users\xinyu\Documents\of_v0.11.2_vs2017_release\libs\fmod\lib\vs\Win32\fmod.dll
  	    Newer     		 1733120	C:\Users\xinyu\Documents\of_v0.11.2_vs2017_release\libs\fmod\lib\vs\Win32\fmodL.dll
  
  	                   1	C:\Users\xinyu\Documents\of_v0.11.2_vs2017_release\libs\FreeImage\lib\vs\Win32\
  	  *EXTRA File 		 1544704	C:\Users\xinyu\Desktop\a2\LucyLu_A2\bin\fmod.dll
  	  *EXTRA File 		 1733120	C:\Users\xinyu\Desktop\a2\LucyLu_A2\bin\fmodL.dll
  	    Newer     		 6018560	C:\Users\xinyu\Documents\of_v0.11.2_vs2017_release\libs\FreeImage\lib\vs\Win32\FreeImage.dll
